<?xml version="1.0" encoding="UTF-8"?>
<testsuites name="STS02_Appointment validation2" time="67.863" tests="2" failures="0" errors="0">
   <testsuite name="STS02_Appointment validation2" tests="2" failures="0" errors="0" time="67.863" skipped="0" timestamp="18-05-2025T14:49:54" hostname="asus - LAPTOP-LNPAQTKK" id="Test Suites/Smoke Test Suite/STS02_Appointment validation2">
      <properties>
         <property name="deviceName" value=""/>
         <property name="devicePlatform"/>
         <property name="logFolder" value="C:\\Users\\asus\\OneDrive - Telkom University\\Documents\\GitHub\\katalon-certification-project\\Reports\\20250518_144752\\Smoke Test Suite\\STS02_Appointment validation2\\20250518_144755"/>
         <property name="logFiles" value="C:\\Users\\asus\\OneDrive - Telkom University\\Documents\\GitHub\\katalon-certification-project\\Reports\\20250518_144752\\Smoke Test Suite\\STS02_Appointment validation2\\20250518_144755\\execution0.log"/>
         <property name="attachments" value=""/>
         <property name="hostName" value="asus - LAPTOP-LNPAQTKK"/>
         <property name="os" value="Windows 11 64bit"/>
         <property name="katalonVersion" value="10.1.0.223"/>
         <property name="browser" value="Firefox 138.0.4"/>
         <property name="hostAddress" value="192.168.100.8"/>
         <property name="sessionId" value="5739116b-5ab5-44fc-aade-7083043251d2"/>
         <property name="seleniumVersion" value="4.22.0"/>
         <property name="proxyInformation" value="ProxyInformation { proxyOption=NO_PROXY, proxyServerType=HTTP, username=, password=********, proxyServerAddress=, proxyServerPort=0, executionList=&quot;&quot;, isApplyToDesiredCapabilities=true }"/>
         <property name="platform" value="Windows 11"/>
      </properties>
      <testcase name="Test Cases/Main Test Case/MTC01_Make an appointment with doctor" time="44.056" classname="Test Cases/Main Test Case/MTC01_Make an appointment with doctor" status="PASSED">
         <system-out><![CDATA[18-05-2025T14:49:54 - [TEST_CASE][PASSED] - Test Cases/Main Test Case/MTC01_Make an appointment with doctor: Test Cases/Main Test Case/MTC01_Make an appointment with doctor

18-05-2025T14:49:55 - [TEST_STEP][PASSED] - callTestCase(findTestCase("Reuse Test Case/RTC01_Login into application"), [:], STOP_ON_FAILURE): Call Test Case 'Test Cases/Reuse Test Case/RTC01_Login into application' successfully

18-05-2025T14:49:55 - [TEST_CASE][PASSED] - Test Cases/Reuse Test Case/RTC01_Login into application: Test Cases/Reuse Test Case/RTC01_Login into application

18-05-2025T14:49:55 - [TEST_STEP][PASSED] - openBrowser(""): Browser is opened with url: ''

18-05-2025T14:49:56 - [MESSAGE][INFO] - Starting 'Firefox' driver

18-05-2025T14:49:56 - [MESSAGE][INFO] - Action delay is set to 0 milliseconds

18-05-2025T14:50:02 - [MESSAGE][PASSED] - Browser is opened with url: ''

18-05-2025T14:50:02 - [TEST_STEP][PASSED] - maximizeWindow(): Current window maximized

18-05-2025T14:50:02 - [MESSAGE][PASSED] - Current window maximized

18-05-2025T14:50:02 - [TEST_STEP][PASSED] - navigateToUrl(URL): Navigate to 'https://katalon-demo-cura.herokuapp.com/' successfully

18-05-2025T14:50:25 - [MESSAGE][PASSED] - Navigate to 'https://katalon-demo-cura.herokuapp.com/' successfully

18-05-2025T14:50:25 - [TEST_STEP][PASSED] - click(findTestObject("Object Repository/Page_CURA Healthcare Service/Page_CURA Healthcare Service/a_Make Appointment")): Object: 'Object Repository/Page_CURA Healthcare Service/Page_CURA Healthcare Service/a_Make Appointment' is clicked on

18-05-2025T14:50:27 - [MESSAGE][PASSED] - Object: 'Object Repository/Page_CURA Healthcare Service/Page_CURA Healthcare Service/a_Make Appointment' is clicked on

18-05-2025T14:50:27 - [TEST_STEP][PASSED] - setText(findTestObject("Object Repository/Page_CURA Healthcare Service/Page_CURA Healthcare Service/input_Username_username"), findTestData("Healthcare/Profile").getValue("username", 1)): Text 'John Doe' is set on object 'Object Repository/Page_CURA Healthcare Service/Page_CURA Healthcare Service/input_Username_username'

18-05-2025T14:50:28 - [MESSAGE][PASSED] - Text 'John Doe' is set on object 'Object Repository/Page_CURA Healthcare Service/Page_CURA Healthcare Service/input_Username_username'

18-05-2025T14:50:28 - [TEST_STEP][PASSED] - setEncryptedText(findTestObject("Object Repository/Page_CURA Healthcare Service/Page_CURA Healthcare Service/input_Password_password"), password): Text ****** has been set on object 'Object Repository/Page_CURA Healthcare Service/Page_CURA Healthcare Service/input_Password_password'

18-05-2025T14:50:28 - [MESSAGE][PASSED] - Text ****** has been set on object 'Object Repository/Page_CURA Healthcare Service/Page_CURA Healthcare Service/input_Password_password'

18-05-2025T14:50:28 - [TEST_STEP][PASSED] - click(findTestObject("Object Repository/Page_CURA Healthcare Service/Page_CURA Healthcare Service/button_Login")): Object: 'Object Repository/Page_CURA Healthcare Service/Page_CURA Healthcare Service/button_Login' is clicked on

18-05-2025T14:50:29 - [MESSAGE][PASSED] - Object: 'Object Repository/Page_CURA Healthcare Service/Page_CURA Healthcare Service/button_Login' is clicked on

18-05-2025T14:50:29 - [MESSAGE][PASSED] - Call Test Case 'Test Cases/Reuse Test Case/RTC01_Login into application' successfully

18-05-2025T14:50:29 - [TEST_STEP][PASSED] - callTestCase(findTestCase("Reuse Test Case/RTC03_Book an appointment"), ["healthcareCenter":"Hongkong CURA Healthcare Center", "comment":"Test katalon"], STOP_ON_FAILURE): Call Test Case 'Test Cases/Reuse Test Case/RTC03_Book an appointment' successfully

18-05-2025T14:50:30 - [TEST_CASE][PASSED] - Test Cases/Reuse Test Case/RTC03_Book an appointment: Test Cases/Reuse Test Case/RTC03_Book an appointment

18-05-2025T14:50:30 - [TEST_STEP][PASSED] - selectOptionByValue(findTestObject("Object Repository/Page_CURA Healthcare Service/select_Tokyo CURA Healthcare Center        _5b4107"), healthcareCenter, true): All options with value 'Hongkong CURA Healthcare Center' are selected in object 'Object Repository/Page_CURA Healthcare Service/select_Tokyo CURA Healthcare Center        _5b4107'  using regular expression

18-05-2025T14:50:31 - [MESSAGE][PASSED] - All options with value 'Hongkong CURA Healthcare Center' are selected in object 'Object Repository/Page_CURA Healthcare Service/select_Tokyo CURA Healthcare Center        _5b4107'  using regular expression

18-05-2025T14:50:31 - [TEST_STEP][PASSED] - click(findTestObject("Object Repository/Page_CURA Healthcare Service/Page_CURA Healthcare Service/input_Apply for hospital readmission_hospit_63901f")): Object: 'Object Repository/Page_CURA Healthcare Service/Page_CURA Healthcare Service/input_Apply for hospital readmission_hospit_63901f' is clicked on

18-05-2025T14:50:31 - [MESSAGE][PASSED] - Object: 'Object Repository/Page_CURA Healthcare Service/Page_CURA Healthcare Service/input_Apply for hospital readmission_hospit_63901f' is clicked on

18-05-2025T14:50:31 - [TEST_STEP][PASSED] - click(findTestObject("Object Repository/Page_CURA Healthcare Service/Page_CURA Healthcare Service/input_Medicaid_programs")): Object: 'Object Repository/Page_CURA Healthcare Service/Page_CURA Healthcare Service/input_Medicaid_programs' is clicked on

18-05-2025T14:50:32 - [MESSAGE][PASSED] - Object: 'Object Repository/Page_CURA Healthcare Service/Page_CURA Healthcare Service/input_Medicaid_programs' is clicked on

18-05-2025T14:50:32 - [TEST_STEP][PASSED] - click(findTestObject("Object Repository/Page_CURA Healthcare Service/Page_CURA Healthcare Service/input_Visit Date (Required)_visit_date")): Object: 'Object Repository/Page_CURA Healthcare Service/Page_CURA Healthcare Service/input_Visit Date (Required)_visit_date' is clicked on

18-05-2025T14:50:32 - [MESSAGE][PASSED] - Object: 'Object Repository/Page_CURA Healthcare Service/Page_CURA Healthcare Service/input_Visit Date (Required)_visit_date' is clicked on

18-05-2025T14:50:32 - [TEST_STEP][PASSED] - click(findTestObject("Object Repository/Page_CURA Healthcare Service/Page_CURA Healthcare Service/td_20")): Object: 'Object Repository/Page_CURA Healthcare Service/Page_CURA Healthcare Service/td_20' is clicked on

18-05-2025T14:50:33 - [MESSAGE][PASSED] - Object: 'Object Repository/Page_CURA Healthcare Service/Page_CURA Healthcare Service/td_20' is clicked on

18-05-2025T14:50:33 - [TEST_STEP][PASSED] - setText(findTestObject("Object Repository/Page_CURA Healthcare Service/Page_CURA Healthcare Service/textarea_Comment_comment"), comment): Text 'Test katalon' is set on object 'Object Repository/Page_CURA Healthcare Service/Page_CURA Healthcare Service/textarea_Comment_comment'

18-05-2025T14:50:33 - [MESSAGE][PASSED] - Text 'Test katalon' is set on object 'Object Repository/Page_CURA Healthcare Service/Page_CURA Healthcare Service/textarea_Comment_comment'

18-05-2025T14:50:33 - [TEST_STEP][PASSED] - click(findTestObject("Object Repository/Page_CURA Healthcare Service/Page_CURA Healthcare Service/button_Book Appointment")): Object: 'Object Repository/Page_CURA Healthcare Service/Page_CURA Healthcare Service/button_Book Appointment' is clicked on

18-05-2025T14:50:34 - [MESSAGE][PASSED] - Object: 'Object Repository/Page_CURA Healthcare Service/Page_CURA Healthcare Service/button_Book Appointment' is clicked on

18-05-2025T14:50:34 - [TEST_STEP][PASSED] - verifyElementText(findTestObject("Object Repository/Page_CURA Healthcare Service/Page_CURA Healthcare Service/p_Please be informed that your appointment _11813a"), "Please be informed that your appointment has been booked as following:"): Actual text and expected text of test object 'Object Repository/Page_CURA Healthcare Service/Page_CURA Healthcare Service/p_Please be informed that your appointment _11813a' are matched.

18-05-2025T14:50:35 - [MESSAGE][PASSED] - Actual text and expected text of test object 'Object Repository/Page_CURA Healthcare Service/Page_CURA Healthcare Service/p_Please be informed that your appointment _11813a' are matched.

18-05-2025T14:50:35 - [TEST_STEP][PASSED] - verifyElementText(findTestObject("Object Repository/Page_CURA Healthcare Service/Page_CURA Healthcare Service/p_Tokyo CURA Healthcare Center"), healthcareCenter): Actual text and expected text of test object 'Object Repository/Page_CURA Healthcare Service/Page_CURA Healthcare Service/p_Tokyo CURA Healthcare Center' are matched.

18-05-2025T14:50:35 - [MESSAGE][PASSED] - Actual text and expected text of test object 'Object Repository/Page_CURA Healthcare Service/Page_CURA Healthcare Service/p_Tokyo CURA Healthcare Center' are matched.

18-05-2025T14:50:35 - [TEST_STEP][PASSED] - verifyElementText(findTestObject("Object Repository/Page_CURA Healthcare Service/Page_CURA Healthcare Service/p_Medicaid"), "Medicaid"): Actual text and expected text of test object 'Object Repository/Page_CURA Healthcare Service/Page_CURA Healthcare Service/p_Medicaid' are matched.

18-05-2025T14:50:36 - [MESSAGE][PASSED] - Actual text and expected text of test object 'Object Repository/Page_CURA Healthcare Service/Page_CURA Healthcare Service/p_Medicaid' are matched.

18-05-2025T14:50:36 - [TEST_STEP][PASSED] - verifyElementText(findTestObject("Object Repository/Page_CURA Healthcare Service/Page_CURA Healthcare Service/p_Test Smoke"), "Test katalon"): Actual text and expected text of test object 'Object Repository/Page_CURA Healthcare Service/Page_CURA Healthcare Service/p_Test Smoke' are matched.

18-05-2025T14:50:36 - [MESSAGE][PASSED] - Actual text and expected text of test object 'Object Repository/Page_CURA Healthcare Service/Page_CURA Healthcare Service/p_Test Smoke' are matched.

18-05-2025T14:50:36 - [MESSAGE][PASSED] - Call Test Case 'Test Cases/Reuse Test Case/RTC03_Book an appointment' successfully

18-05-2025T14:50:36 - [TEST_STEP][PASSED] - callTestCase(findTestCase("Reuse Test Case/RTC02_Logout from application"), [:], STOP_ON_FAILURE): Call Test Case 'Test Cases/Reuse Test Case/RTC02_Logout from application' successfully

18-05-2025T14:50:36 - [TEST_CASE][PASSED] - Test Cases/Reuse Test Case/RTC02_Logout from application: Test Cases/Reuse Test Case/RTC02_Logout from application

18-05-2025T14:50:36 - [TEST_STEP][PASSED] - click(findTestObject("Object Repository/Page_CURA Healthcare Service/Page_CURA Healthcare Service/i_CURA Healthcare_fa fa-bars")): Object: 'Object Repository/Page_CURA Healthcare Service/Page_CURA Healthcare Service/i_CURA Healthcare_fa fa-bars' is clicked on

18-05-2025T14:50:36 - [MESSAGE][PASSED] - Object: 'Object Repository/Page_CURA Healthcare Service/Page_CURA Healthcare Service/i_CURA Healthcare_fa fa-bars' is clicked on

18-05-2025T14:50:36 - [TEST_STEP][PASSED] - click(findTestObject("Object Repository/Page_CURA Healthcare Service/Page_CURA Healthcare Service/a_Logout")): Object: 'Object Repository/Page_CURA Healthcare Service/Page_CURA Healthcare Service/a_Logout' is clicked on

18-05-2025T14:50:37 - [MESSAGE][PASSED] - Object: 'Object Repository/Page_CURA Healthcare Service/Page_CURA Healthcare Service/a_Logout' is clicked on

18-05-2025T14:50:37 - [TEST_STEP][PASSED] - closeBrowser(): Browser is closed

18-05-2025T14:50:38 - [MESSAGE][PASSED] - Browser is closed

18-05-2025T14:50:38 - [MESSAGE][PASSED] - Call Test Case 'Test Cases/Reuse Test Case/RTC02_Logout from application' successfully]]></system-out>
         <system-err><![CDATA[]]></system-err>
      </testcase>
      <testcase name="Test Cases/Main Test Case/MTC02_Appointment confirmation from doctor" time="23.547" classname="Test Cases/Main Test Case/MTC02_Appointment confirmation from doctor" status="PASSED">
         <system-out><![CDATA[18-05-2025T14:50:38 - [TEST_CASE][PASSED] - Test Cases/Main Test Case/MTC02_Appointment confirmation from doctor: Test Cases/Main Test Case/MTC02_Appointment confirmation from doctor

18-05-2025T14:50:38 - [TEST_STEP][PASSED] - callTestCase(findTestCase("Reuse Test Case/RTC01_Login into application"), [:], STOP_ON_FAILURE): Call Test Case 'Test Cases/Reuse Test Case/RTC01_Login into application' successfully

18-05-2025T14:50:39 - [TEST_CASE][PASSED] - Test Cases/Reuse Test Case/RTC01_Login into application: Test Cases/Reuse Test Case/RTC01_Login into application

18-05-2025T14:50:39 - [TEST_STEP][PASSED] - openBrowser(""): Browser is opened with url: ''

18-05-2025T14:50:39 - [MESSAGE][INFO] - Starting 'Firefox' driver

18-05-2025T14:50:39 - [MESSAGE][INFO] - Action delay is set to 0 milliseconds

18-05-2025T14:50:43 - [MESSAGE][PASSED] - Browser is opened with url: ''

18-05-2025T14:50:43 - [TEST_STEP][PASSED] - maximizeWindow(): Current window maximized

18-05-2025T14:50:43 - [MESSAGE][PASSED] - Current window maximized

18-05-2025T14:50:43 - [TEST_STEP][PASSED] - navigateToUrl(URL): Navigate to 'https://katalon-demo-cura.herokuapp.com/' successfully

18-05-2025T14:50:51 - [MESSAGE][PASSED] - Navigate to 'https://katalon-demo-cura.herokuapp.com/' successfully

18-05-2025T14:50:51 - [TEST_STEP][PASSED] - click(findTestObject("Object Repository/Page_CURA Healthcare Service/Page_CURA Healthcare Service/a_Make Appointment")): Object: 'Object Repository/Page_CURA Healthcare Service/Page_CURA Healthcare Service/a_Make Appointment' is clicked on

18-05-2025T14:50:52 - [MESSAGE][PASSED] - Object: 'Object Repository/Page_CURA Healthcare Service/Page_CURA Healthcare Service/a_Make Appointment' is clicked on

18-05-2025T14:50:52 - [TEST_STEP][PASSED] - setText(findTestObject("Object Repository/Page_CURA Healthcare Service/Page_CURA Healthcare Service/input_Username_username"), findTestData("Healthcare/Profile").getValue("username", 1)): Text 'John Doe' is set on object 'Object Repository/Page_CURA Healthcare Service/Page_CURA Healthcare Service/input_Username_username'

18-05-2025T14:50:52 - [MESSAGE][PASSED] - Text 'John Doe' is set on object 'Object Repository/Page_CURA Healthcare Service/Page_CURA Healthcare Service/input_Username_username'

18-05-2025T14:50:52 - [TEST_STEP][PASSED] - setEncryptedText(findTestObject("Object Repository/Page_CURA Healthcare Service/Page_CURA Healthcare Service/input_Password_password"), password): Text ****** has been set on object 'Object Repository/Page_CURA Healthcare Service/Page_CURA Healthcare Service/input_Password_password'

18-05-2025T14:50:53 - [MESSAGE][PASSED] - Text ****** has been set on object 'Object Repository/Page_CURA Healthcare Service/Page_CURA Healthcare Service/input_Password_password'

18-05-2025T14:50:53 - [TEST_STEP][PASSED] - click(findTestObject("Object Repository/Page_CURA Healthcare Service/Page_CURA Healthcare Service/button_Login")): Object: 'Object Repository/Page_CURA Healthcare Service/Page_CURA Healthcare Service/button_Login' is clicked on

18-05-2025T14:50:54 - [MESSAGE][PASSED] - Object: 'Object Repository/Page_CURA Healthcare Service/Page_CURA Healthcare Service/button_Login' is clicked on

18-05-2025T14:50:54 - [MESSAGE][PASSED] - Call Test Case 'Test Cases/Reuse Test Case/RTC01_Login into application' successfully

18-05-2025T14:50:54 - [TEST_STEP][PASSED] - callTestCase(findTestCase("Reuse Test Case/RTC03_Book an appointment"), ["healthcareCenter":"Hongkong CURA Healthcare Center", "comment":"Test katalon"], STOP_ON_FAILURE): Call Test Case 'Test Cases/Reuse Test Case/RTC03_Book an appointment' successfully

18-05-2025T14:50:54 - [TEST_CASE][PASSED] - Test Cases/Reuse Test Case/RTC03_Book an appointment: Test Cases/Reuse Test Case/RTC03_Book an appointment

18-05-2025T14:50:54 - [TEST_STEP][PASSED] - selectOptionByValue(findTestObject("Object Repository/Page_CURA Healthcare Service/select_Tokyo CURA Healthcare Center        _5b4107"), healthcareCenter, true): All options with value 'Hongkong CURA Healthcare Center' are selected in object 'Object Repository/Page_CURA Healthcare Service/select_Tokyo CURA Healthcare Center        _5b4107'  using regular expression

18-05-2025T14:50:55 - [MESSAGE][PASSED] - All options with value 'Hongkong CURA Healthcare Center' are selected in object 'Object Repository/Page_CURA Healthcare Service/select_Tokyo CURA Healthcare Center        _5b4107'  using regular expression

18-05-2025T14:50:55 - [TEST_STEP][PASSED] - click(findTestObject("Object Repository/Page_CURA Healthcare Service/Page_CURA Healthcare Service/input_Apply for hospital readmission_hospit_63901f")): Object: 'Object Repository/Page_CURA Healthcare Service/Page_CURA Healthcare Service/input_Apply for hospital readmission_hospit_63901f' is clicked on

18-05-2025T14:50:55 - [MESSAGE][PASSED] - Object: 'Object Repository/Page_CURA Healthcare Service/Page_CURA Healthcare Service/input_Apply for hospital readmission_hospit_63901f' is clicked on

18-05-2025T14:50:55 - [TEST_STEP][PASSED] - click(findTestObject("Object Repository/Page_CURA Healthcare Service/Page_CURA Healthcare Service/input_Medicaid_programs")): Object: 'Object Repository/Page_CURA Healthcare Service/Page_CURA Healthcare Service/input_Medicaid_programs' is clicked on

18-05-2025T14:50:56 - [MESSAGE][PASSED] - Object: 'Object Repository/Page_CURA Healthcare Service/Page_CURA Healthcare Service/input_Medicaid_programs' is clicked on

18-05-2025T14:50:56 - [TEST_STEP][PASSED] - click(findTestObject("Object Repository/Page_CURA Healthcare Service/Page_CURA Healthcare Service/input_Visit Date (Required)_visit_date")): Object: 'Object Repository/Page_CURA Healthcare Service/Page_CURA Healthcare Service/input_Visit Date (Required)_visit_date' is clicked on

18-05-2025T14:50:56 - [MESSAGE][PASSED] - Object: 'Object Repository/Page_CURA Healthcare Service/Page_CURA Healthcare Service/input_Visit Date (Required)_visit_date' is clicked on

18-05-2025T14:50:56 - [TEST_STEP][PASSED] - click(findTestObject("Object Repository/Page_CURA Healthcare Service/Page_CURA Healthcare Service/td_20")): Object: 'Object Repository/Page_CURA Healthcare Service/Page_CURA Healthcare Service/td_20' is clicked on

18-05-2025T14:50:57 - [MESSAGE][PASSED] - Object: 'Object Repository/Page_CURA Healthcare Service/Page_CURA Healthcare Service/td_20' is clicked on

18-05-2025T14:50:57 - [TEST_STEP][PASSED] - setText(findTestObject("Object Repository/Page_CURA Healthcare Service/Page_CURA Healthcare Service/textarea_Comment_comment"), comment): Text 'Test katalon' is set on object 'Object Repository/Page_CURA Healthcare Service/Page_CURA Healthcare Service/textarea_Comment_comment'

18-05-2025T14:50:57 - [MESSAGE][PASSED] - Text 'Test katalon' is set on object 'Object Repository/Page_CURA Healthcare Service/Page_CURA Healthcare Service/textarea_Comment_comment'

18-05-2025T14:50:57 - [TEST_STEP][PASSED] - click(findTestObject("Object Repository/Page_CURA Healthcare Service/Page_CURA Healthcare Service/button_Book Appointment")): Object: 'Object Repository/Page_CURA Healthcare Service/Page_CURA Healthcare Service/button_Book Appointment' is clicked on

18-05-2025T14:50:58 - [MESSAGE][PASSED] - Object: 'Object Repository/Page_CURA Healthcare Service/Page_CURA Healthcare Service/button_Book Appointment' is clicked on

18-05-2025T14:50:58 - [TEST_STEP][PASSED] - verifyElementText(findTestObject("Object Repository/Page_CURA Healthcare Service/Page_CURA Healthcare Service/p_Please be informed that your appointment _11813a"), "Please be informed that your appointment has been booked as following:"): Actual text and expected text of test object 'Object Repository/Page_CURA Healthcare Service/Page_CURA Healthcare Service/p_Please be informed that your appointment _11813a' are matched.

18-05-2025T14:50:59 - [MESSAGE][PASSED] - Actual text and expected text of test object 'Object Repository/Page_CURA Healthcare Service/Page_CURA Healthcare Service/p_Please be informed that your appointment _11813a' are matched.

18-05-2025T14:50:59 - [TEST_STEP][PASSED] - verifyElementText(findTestObject("Object Repository/Page_CURA Healthcare Service/Page_CURA Healthcare Service/p_Tokyo CURA Healthcare Center"), healthcareCenter): Actual text and expected text of test object 'Object Repository/Page_CURA Healthcare Service/Page_CURA Healthcare Service/p_Tokyo CURA Healthcare Center' are matched.

18-05-2025T14:50:59 - [MESSAGE][PASSED] - Actual text and expected text of test object 'Object Repository/Page_CURA Healthcare Service/Page_CURA Healthcare Service/p_Tokyo CURA Healthcare Center' are matched.

18-05-2025T14:50:59 - [TEST_STEP][PASSED] - verifyElementText(findTestObject("Object Repository/Page_CURA Healthcare Service/Page_CURA Healthcare Service/p_Medicaid"), "Medicaid"): Actual text and expected text of test object 'Object Repository/Page_CURA Healthcare Service/Page_CURA Healthcare Service/p_Medicaid' are matched.

18-05-2025T14:50:59 - [MESSAGE][PASSED] - Actual text and expected text of test object 'Object Repository/Page_CURA Healthcare Service/Page_CURA Healthcare Service/p_Medicaid' are matched.

18-05-2025T14:50:59 - [TEST_STEP][PASSED] - verifyElementText(findTestObject("Object Repository/Page_CURA Healthcare Service/Page_CURA Healthcare Service/p_Test Smoke"), "Test katalon"): Actual text and expected text of test object 'Object Repository/Page_CURA Healthcare Service/Page_CURA Healthcare Service/p_Test Smoke' are matched.

18-05-2025T14:50:59 - [MESSAGE][PASSED] - Actual text and expected text of test object 'Object Repository/Page_CURA Healthcare Service/Page_CURA Healthcare Service/p_Test Smoke' are matched.

18-05-2025T14:50:59 - [MESSAGE][PASSED] - Call Test Case 'Test Cases/Reuse Test Case/RTC03_Book an appointment' successfully

18-05-2025T14:50:59 - [TEST_STEP][PASSED] - callTestCase(findTestCase("Reuse Test Case/RTC02_Logout from application"), [:], STOP_ON_FAILURE): Call Test Case 'Test Cases/Reuse Test Case/RTC02_Logout from application' successfully

18-05-2025T14:51:00 - [TEST_CASE][PASSED] - Test Cases/Reuse Test Case/RTC02_Logout from application: Test Cases/Reuse Test Case/RTC02_Logout from application

18-05-2025T14:51:00 - [TEST_STEP][PASSED] - click(findTestObject("Object Repository/Page_CURA Healthcare Service/Page_CURA Healthcare Service/i_CURA Healthcare_fa fa-bars")): Object: 'Object Repository/Page_CURA Healthcare Service/Page_CURA Healthcare Service/i_CURA Healthcare_fa fa-bars' is clicked on

18-05-2025T14:51:00 - [MESSAGE][PASSED] - Object: 'Object Repository/Page_CURA Healthcare Service/Page_CURA Healthcare Service/i_CURA Healthcare_fa fa-bars' is clicked on

18-05-2025T14:51:00 - [TEST_STEP][PASSED] - click(findTestObject("Object Repository/Page_CURA Healthcare Service/Page_CURA Healthcare Service/a_Logout")): Object: 'Object Repository/Page_CURA Healthcare Service/Page_CURA Healthcare Service/a_Logout' is clicked on

18-05-2025T14:51:01 - [MESSAGE][PASSED] - Object: 'Object Repository/Page_CURA Healthcare Service/Page_CURA Healthcare Service/a_Logout' is clicked on

18-05-2025T14:51:01 - [TEST_STEP][PASSED] - closeBrowser(): Browser is closed

18-05-2025T14:51:02 - [MESSAGE][PASSED] - Browser is closed

18-05-2025T14:51:02 - [MESSAGE][PASSED] - Call Test Case 'Test Cases/Reuse Test Case/RTC02_Logout from application' successfully]]></system-out>
         <system-err><![CDATA[]]></system-err>
      </testcase>
      <system-out><![CDATA[18-05-2025T14:49:54 - [TEST_SUITE][PASSED] - STS02_Appointment validation2: Test Cases/Main Test Case/MTC02_Appointment confirmation from doctor]]></system-out>
      <system-err><![CDATA[]]></system-err>
   </testsuite>
</testsuites>
